[debug] [2022-07-19T13:32:57.819Z] ----------------------------------------------------------------------
[debug] [2022-07-19T13:32:57.822Z] Command:       C:\Program Files\nodejs\node.exe C:\Users\eKasi_TMB_COM00641\AppData\Roaming\npm\node_modules\firebase-tools\lib\bin\firebase.js hosting:disable
[debug] [2022-07-19T13:32:57.822Z] CLI Version:   11.3.0
[debug] [2022-07-19T13:32:57.822Z] Platform:      win32
[debug] [2022-07-19T13:32:57.822Z] Node Version:  v16.15.1
[debug] [2022-07-19T13:32:57.824Z] Time:          Tue Jul 19 2022 15:32:57 GMT+0200 (Eastern European Standard Time)
[debug] [2022-07-19T13:32:57.825Z] ----------------------------------------------------------------------
[debug] 
[debug] [2022-07-19T13:32:57.889Z] > command requires scopes: ["email","openid","https://www.googleapis.com/auth/cloudplatformprojects.readonly","https://www.googleapis.com/auth/firebase","https://www.googleapis.com/auth/cloud-platform"]
[debug] [2022-07-19T13:32:57.889Z] > authorizing via signed-in user (yolie797@gmail.com)
[debug] [2022-07-19T13:32:57.889Z] [iam] checking project todolist-ecba9 for permissions ["firebase.projects.get","firebasehosting.sites.update"]
[debug] [2022-07-19T13:32:57.892Z] >>> [apiv2][query] POST https://cloudresourcemanager.googleapis.com/v1/projects/todolist-ecba9:testIamPermissions [none]
[debug] [2022-07-19T13:32:57.892Z] >>> [apiv2][body] POST https://cloudresourcemanager.googleapis.com/v1/projects/todolist-ecba9:testIamPermissions {"permissions":["firebase.projects.get","firebasehosting.sites.update"]}
[debug] [2022-07-19T13:33:09.390Z] [iam] error while checking permissions, command may fail: FirebaseError: Failed to make request to https://cloudresourcemanager.googleapis.com/v1/projects/todolist-ecba9:testIamPermissions
[debug] [2022-07-19T13:33:09.392Z] >>> [apiv2][query] GET https://firebase.googleapis.com/v1beta1/projects/todolist-ecba9 [none]
[debug] [2022-07-19T13:33:09.395Z] Failed to make request to https://firebase.googleapis.com/v1beta1/projects/todolist-ecba9
[debug] [2022-07-19T13:33:09.401Z] FirebaseError: Failed to make request to https://firebase.googleapis.com/v1beta1/projects/todolist-ecba9
    at RetryOperation._fn (C:\Users\eKasi_TMB_COM00641\AppData\Roaming\npm\node_modules\firebase-tools\lib\apiv2.js:241:31)
    at processTicksAndRejections (node:internal/process/task_queues:96:5)
[error] 
[error] Error: Failed to get Firebase project todolist-ecba9. Please make sure the project exists and your account has permission to access it.
[debug] [2022-07-19T13:47:20.909Z] ----------------------------------------------------------------------
[debug] [2022-07-19T13:47:20.912Z] Command:       C:\Program Files\nodejs\node.exe C:\Users\eKasi_TMB_COM00641\AppData\Roaming\npm\node_modules\firebase-tools\lib\bin\firebase.js init
[debug] [2022-07-19T13:47:20.913Z] CLI Version:   11.3.0
[debug] [2022-07-19T13:47:20.913Z] Platform:      win32
[debug] [2022-07-19T13:47:20.913Z] Node Version:  v16.15.1
[debug] [2022-07-19T13:47:20.915Z] Time:          Tue Jul 19 2022 15:47:20 GMT+0200 (Eastern European Standard Time)
[debug] [2022-07-19T13:47:20.915Z] ----------------------------------------------------------------------
[debug] 
[debug] [2022-07-19T13:47:20.986Z] > command requires scopes: ["email","openid","https://www.googleapis.com/auth/cloudplatformprojects.readonly","https://www.googleapis.com/auth/firebase","https://www.googleapis.com/auth/cloud-platform"]
[debug] [2022-07-19T13:47:20.986Z] > authorizing via signed-in user (yolie797@gmail.com)
[info] 
     ######## #### ########  ######## ########     ###     ######  ########
     ##        ##  ##     ## ##       ##     ##  ##   ##  ##       ##
     ######    ##  ########  ######   ########  #########  ######  ######
     ##        ##  ##    ##  ##       ##     ## ##     ##       ## ##
     ##       #### ##     ## ######## ########  ##     ##  ######  ########

You're about to initialize a Firebase project in this directory:

  C:\Users\eKasi_TMB_COM00641\Desktop\todo

Before we get started, keep in mind:

  * You are initializing within an existing Firebase project directory

[info] 
=== Project Setup
[info] 
[info] First, let's associate this project directory with a Firebase project.
[info] You can create multiple project aliases by running firebase use --add, 
[info] but for now we'll just set up a default project.
[info] 
[debug] [2022-07-19T13:47:27.754Z] Using project from CLI flag: todolist-ecba9
[debug] [2022-07-19T13:47:27.758Z] >>> [apiv2][query] GET https://firebase.googleapis.com/v1beta1/projects/todolist-ecba9 [none]
[debug] [2022-07-19T13:47:39.786Z] Error: kill ENOSYS
    at process.kill (node:internal/process/per_thread:220:13)
    at process.listener (C:\Users\eKasi_TMB_COM00641\AppData\Roaming\npm\node_modules\firebase-tools\node_modules\signal-exit\index.js:95:15)
    at process.emit (node:events:527:28)
[error] 
[error] Error: An unexpected error has occurred.
